TN:
SF:src/app/app.routes.ts
FNF:0
FNH:0
DA:10,1
LF:1
LH:1
BRF:0
BRH:0
end_of_record
TN:
SF:src/app/api/admin.api.ts
FN:8,(anonymous_0)
FN:12,(anonymous_1)
FN:16,(anonymous_2)
FN:20,(anonymous_3)
FN:26,(anonymous_4)
FN:32,(anonymous_5)
FN:38,(anonymous_6)
FN:42,(anonymous_7)
FNF:8
FNH:4
FNDA:2,(anonymous_0)
FNDA:1,(anonymous_1)
FNDA:0,(anonymous_2)
FNDA:0,(anonymous_3)
FNDA:1,(anonymous_4)
FNDA:0,(anonymous_5)
FNDA:0,(anonymous_6)
FNDA:3,(anonymous_7)
DA:8,1
DA:9,2
DA:10,2
DA:13,1
DA:17,0
DA:21,0
DA:27,1
DA:33,0
DA:39,0
DA:43,3
DA:47,3
LF:11
LH:7
BRDA:42,0,0,0
BRDA:42,1,0,0
BRDA:42,2,0,0
BRF:3
BRH:0
end_of_record
TN:
SF:src/app/api/auth.api.ts
FN:9,(anonymous_0)
FN:16,(anonymous_1)
FN:18,(anonymous_2)
FN:22,(anonymous_3)
FN:24,(anonymous_4)
FN:28,(anonymous_5)
FN:34,(anonymous_6)
FN:40,(anonymous_7)
FNF:8
FNH:7
FNDA:4,(anonymous_0)
FNDA:1,(anonymous_1)
FNDA:1,(anonymous_2)
FNDA:1,(anonymous_3)
FNDA:1,(anonymous_4)
FNDA:0,(anonymous_5)
FNDA:2,(anonymous_6)
FNDA:4,(anonymous_7)
DA:9,1
DA:10,4
DA:11,4
DA:13,4
DA:14,4
DA:17,1
DA:18,1
DA:23,1
DA:24,1
DA:29,0
DA:30,0
DA:31,0
DA:35,2
DA:36,2
DA:37,2
DA:41,4
DA:42,4
LF:17
LH:14
BRDA:42,0,0,3
BRDA:42,0,1,1
BRF:2
BRH:2
end_of_record
TN:
SF:src/app/api/author.api.ts
FN:8,(anonymous_0)
FN:12,(anonymous_1)
FN:16,(anonymous_2)
FN:20,(anonymous_3)
FNF:4
FNH:3
FNDA:4,(anonymous_0)
FNDA:1,(anonymous_1)
FNDA:0,(anonymous_2)
FNDA:1,(anonymous_3)
DA:8,1
DA:9,4
DA:10,4
DA:13,1
DA:17,0
DA:21,1
LF:6
LH:5
BRF:0
BRH:0
end_of_record
TN:
SF:src/app/api/error.api.ts
FN:6,(anonymous_0)
FN:11,(anonymous_1)
FN:14,(anonymous_2)
FN:17,(anonymous_3)
FNF:4
FNH:0
FNDA:0,(anonymous_0)
FNDA:0,(anonymous_1)
FNDA:0,(anonymous_2)
FNDA:0,(anonymous_3)
DA:6,1
DA:7,0
DA:9,0
DA:12,0
DA:14,0
DA:18,0
LF:6
LH:1
BRF:0
BRH:0
end_of_record
TN:
SF:src/app/api/news.api.ts
FN:8,(anonymous_0)
FN:12,(anonymous_1)
FN:18,(anonymous_2)
FN:20,(anonymous_3)
FN:21,(anonymous_4)
FN:25,(anonymous_5)
FN:29,(anonymous_6)
FN:33,(anonymous_7)
FNF:8
FNH:7
FNDA:8,(anonymous_0)
FNDA:1,(anonymous_1)
FNDA:3,(anonymous_2)
FNDA:0,(anonymous_3)
FNDA:1,(anonymous_4)
FNDA:7,(anonymous_5)
FNDA:2,(anonymous_6)
FNDA:1,(anonymous_7)
DA:8,1
DA:9,8
DA:10,8
DA:13,1
DA:19,3
DA:20,3
DA:21,3
DA:22,3
DA:26,7
DA:30,2
DA:34,1
LF:11
LH:11
BRDA:12,0,0,0
BRDA:18,1,0,1
BRF:2
BRH:1
end_of_record
TN:
SF:src/app/api/user.api.ts
FN:8,(anonymous_0)
FN:12,(anonymous_1)
FN:16,(anonymous_2)
FN:20,(anonymous_3)
FN:24,(anonymous_4)
FN:28,(anonymous_5)
FNF:6
FNH:3
FNDA:5,(anonymous_0)
FNDA:0,(anonymous_1)
FNDA:0,(anonymous_2)
FNDA:0,(anonymous_3)
FNDA:1,(anonymous_4)
FNDA:2,(anonymous_5)
DA:8,1
DA:9,5
DA:10,5
DA:13,0
DA:17,0
DA:21,0
DA:25,1
DA:29,2
LF:8
LH:5
BRF:0
BRH:0
end_of_record
TN:
SF:src/app/api/websocket.api.ts
FN:16,(anonymous_0)
FN:20,(anonymous_1)
FN:26,(anonymous_2)
FN:27,(anonymous_3)
FN:28,(anonymous_4)
FN:31,(anonymous_5)
FN:34,(anonymous_6)
FN:42,(anonymous_7)
FNF:8
FNH:0
FNDA:0,(anonymous_0)
FNDA:0,(anonymous_1)
FNDA:0,(anonymous_2)
FNDA:0,(anonymous_3)
FNDA:0,(anonymous_4)
FNDA:0,(anonymous_5)
FNDA:0,(anonymous_6)
FNDA:0,(anonymous_7)
DA:9,1
DA:10,0
DA:12,0
DA:13,0
DA:14,0
DA:17,0
DA:21,0
DA:22,0
DA:24,0
DA:26,0
DA:28,0
DA:29,0
DA:31,0
DA:32,0
DA:34,0
DA:35,0
DA:39,0
DA:43,0
DA:44,0
LF:19
LH:1
BRDA:21,0,0,0
BRDA:21,0,1,0
BRDA:43,1,0,0
BRF:3
BRH:0
end_of_record
TN:
SF:src/app/interceptors/interceptors.ts
FN:7,(anonymous_0)
FN:10,(anonymous_1)
FN:12,(anonymous_2)
FN:45,(anonymous_3)
FN:53,(anonymous_4)
FNF:5
FNH:5
FNDA:7,(anonymous_0)
FNDA:12,(anonymous_1)
FNDA:4,(anonymous_2)
FNDA:4,(anonymous_3)
FNDA:5,(anonymous_4)
DA:7,1
DA:8,7
DA:11,12
DA:13,4
DA:15,4
DA:16,0
DA:17,4
DA:19,4
DA:20,4
DA:21,1
DA:22,1
DA:24,0
DA:28,3
DA:29,1
DA:30,1
DA:31,1
DA:33,2
DA:36,0
DA:37,0
DA:38,0
DA:39,0
DA:41,0
DA:44,4
DA:45,4
DA:52,1
DA:54,5
DA:55,5
DA:56,1
DA:59,1
DA:61,4
LF:30
LH:23
BRDA:15,0,0,0
BRDA:15,0,1,4
BRDA:17,1,0,4
BRDA:17,1,1,0
BRDA:21,2,0,1
BRDA:21,2,1,0
BRDA:28,3,0,1
BRDA:28,3,1,2
BRDA:28,4,0,3
BRDA:28,4,1,2
BRDA:30,5,0,1
BRDA:30,5,1,0
BRDA:36,6,0,0
BRDA:36,6,1,0
BRDA:38,7,0,0
BRDA:38,7,1,0
BRDA:38,8,0,0
BRDA:38,8,1,0
BRDA:55,9,0,1
BRF:19
BRH:9
end_of_record
TN:
SF:src/app/services/admin.service.ts
FN:27,(anonymous_0)
FN:31,(anonymous_1)
FN:32,(anonymous_2)
FN:36,(anonymous_3)
FN:38,(anonymous_4)
FN:44,(anonymous_5)
FN:50,(anonymous_6)
FN:55,(anonymous_7)
FN:57,(anonymous_8)
FN:60,(anonymous_9)
FN:65,(anonymous_10)
FN:70,(anonymous_11)
FN:72,(anonymous_12)
FN:78,(anonymous_13)
FN:80,(anonymous_14)
FN:81,(anonymous_15)
FN:85,(anonymous_16)
FN:87,(anonymous_17)
FN:88,(anonymous_18)
FN:88,(anonymous_19)
FN:92,(anonymous_20)
FN:93,(anonymous_21)
FN:94,(anonymous_22)
FN:94,(anonymous_23)
FN:98,(anonymous_24)
FN:99,(anonymous_25)
FN:100,(anonymous_26)
FN:100,(anonymous_27)
FNF:28
FNH:27
FNDA:21,(anonymous_0)
FNDA:26,(anonymous_1)
FNDA:26,(anonymous_2)
FNDA:30,(anonymous_3)
FNDA:30,(anonymous_4)
FNDA:1,(anonymous_5)
FNDA:1,(anonymous_6)
FNDA:3,(anonymous_7)
FNDA:2,(anonymous_8)
FNDA:1,(anonymous_9)
FNDA:2,(anonymous_10)
FNDA:2,(anonymous_11)
FNDA:1,(anonymous_12)
FNDA:2,(anonymous_13)
FNDA:1,(anonymous_14)
FNDA:1,(anonymous_15)
FNDA:3,(anonymous_16)
FNDA:3,(anonymous_17)
FNDA:3,(anonymous_18)
FNDA:2,(anonymous_19)
FNDA:1,(anonymous_20)
FNDA:1,(anonymous_21)
FNDA:1,(anonymous_22)
FNDA:0,(anonymous_23)
FNDA:2,(anonymous_24)
FNDA:2,(anonymous_25)
FNDA:2,(anonymous_26)
FNDA:1,(anonymous_27)
DA:14,1
DA:15,21
DA:16,21
DA:18,21
DA:19,21
DA:20,21
DA:21,21
DA:22,21
DA:23,21
DA:24,21
DA:25,21
DA:28,21
DA:32,26
DA:33,26
DA:37,30
DA:39,30
DA:40,30
DA:45,1
DA:46,1
DA:47,1
DA:51,1
DA:52,1
DA:56,3
DA:57,2
DA:61,1
DA:62,1
DA:66,2
DA:67,2
DA:71,2
DA:72,1
DA:73,1
DA:74,1
DA:79,2
DA:80,1
DA:86,3
DA:87,3
DA:88,3
DA:93,1
DA:94,1
DA:99,2
DA:100,2
LF:41
LH:41
BRDA:56,0,0,1
BRDA:71,1,0,1
BRDA:86,2,0,3
BRDA:86,2,1,0
BRDA:88,3,0,2
BRDA:88,3,1,0
BRDA:94,4,0,0
BRDA:94,4,1,0
BRDA:100,5,0,1
BRDA:100,5,1,0
BRF:10
BRH:5
end_of_record
TN:
SF:src/app/services/app.service.ts
FN:14,(anonymous_0)
FNF:1
FNH:1
FNDA:2,(anonymous_0)
DA:14,1
DA:15,2
DA:16,2
LF:3
LH:3
BRF:0
BRH:0
end_of_record
TN:
SF:src/app/services/auth.service.ts
FN:14,(anonymous_0)
FN:21,(anonymous_1)
FN:24,(anonymous_2)
FN:28,(anonymous_3)
FN:40,(anonymous_4)
FN:47,(anonymous_5)
FN:50,(anonymous_6)
FN:54,(anonymous_7)
FNF:8
FNH:8
FNDA:4,(anonymous_0)
FNDA:4,(anonymous_1)
FNDA:3,(anonymous_2)
FNDA:1,(anonymous_3)
FNDA:5,(anonymous_4)
FNDA:4,(anonymous_5)
FNDA:3,(anonymous_6)
FNDA:1,(anonymous_7)
DA:14,1
DA:15,4
DA:16,4
DA:18,4
DA:19,4
DA:22,4
DA:23,4
DA:25,3
DA:26,3
DA:28,1
DA:40,1
DA:41,5
DA:42,5
DA:44,5
DA:45,5
DA:48,4
DA:49,4
DA:51,3
DA:52,3
DA:54,1
LF:20
LH:20
BRF:0
BRH:0
end_of_record
TN:
SF:src/app/services/create-news.service..ts
FN:25,(anonymous_0)
FN:26,(anonymous_1)
FN:40,(anonymous_2)
FN:43,(anonymous_3)
FN:48,(anonymous_4)
FNF:5
FNH:5
FNDA:8,(anonymous_0)
FNDA:8,(anonymous_1)
FNDA:4,(anonymous_2)
FNDA:2,(anonymous_3)
FNDA:2,(anonymous_4)
DA:16,1
DA:17,8
DA:18,8
DA:19,8
DA:21,8
DA:22,8
DA:23,8
DA:26,8
DA:28,8
DA:29,8
DA:30,1
DA:31,1
DA:32,1
DA:41,4
DA:43,2
DA:44,2
DA:48,2
DA:49,2
LF:18
LH:18
BRDA:29,0,0,1
BRDA:41,1,0,2
BRDA:41,1,1,2
BRF:3
BRH:3
end_of_record
TN:
SF:src/app/services/home.service.ts
FN:37,(anonymous_0)
FN:42,(anonymous_1)
FN:44,(anonymous_2)
FN:45,(anonymous_3)
FN:48,(anonymous_4)
FN:49,(anonymous_5)
FN:60,(anonymous_6)
FN:61,(anonymous_7)
FN:62,(anonymous_8)
FN:63,(anonymous_9)
FN:67,(anonymous_10)
FN:71,(anonymous_11)
FN:75,(anonymous_12)
FN:78,(anonymous_13)
FN:82,(anonymous_14)
FN:86,(anonymous_15)
FN:90,(anonymous_16)
FN:94,(anonymous_17)
FN:95,(anonymous_18)
FN:96,(anonymous_19)
FN:105,(anonymous_20)
FN:109,(anonymous_21)
FN:112,(anonymous_22)
FN:120,(anonymous_23)
FN:125,(anonymous_24)
FN:126,(anonymous_25)
FN:134,(anonymous_26)
FN:143,(anonymous_27)
FN:152,(anonymous_28)
FN:154,(anonymous_29)
FN:159,(anonymous_30)
FN:161,(anonymous_31)
FN:166,(anonymous_32)
FN:168,(anonymous_33)
FN:169,(anonymous_34)
FN:171,(anonymous_35)
FN:175,(anonymous_36)
FN:177,(anonymous_37)
FN:178,(anonymous_38)
FN:178,(anonymous_39)
FN:180,(anonymous_40)
FN:184,(anonymous_41)
FN:186,(anonymous_42)
FN:187,(anonymous_43)
FN:189,(anonymous_44)
FN:193,(anonymous_45)
FN:195,(anonymous_46)
FN:196,(anonymous_47)
FN:196,(anonymous_48)
FN:198,(anonymous_49)
FN:202,(anonymous_50)
FN:203,(anonymous_51)
FN:206,(anonymous_52)
FN:210,(anonymous_53)
FN:211,(anonymous_54)
FN:211,(anonymous_55)
FN:214,(anonymous_56)
FN:215,(anonymous_57)
FN:215,(anonymous_58)
FNF:59
FNH:16
FNDA:12,(anonymous_0)
FNDA:13,(anonymous_1)
FNDA:12,(anonymous_2)
FNDA:1,(anonymous_3)
FNDA:13,(anonymous_4)
FNDA:0,(anonymous_5)
FNDA:2,(anonymous_6)
FNDA:2,(anonymous_7)
FNDA:1,(anonymous_8)
FNDA:1,(anonymous_9)
FNDA:2,(anonymous_10)
FNDA:2,(anonymous_11)
FNDA:19,(anonymous_12)
FNDA:2,(anonymous_13)
FNDA:0,(anonymous_14)
FNDA:15,(anonymous_15)
FNDA:0,(anonymous_16)
FNDA:2,(anonymous_17)
FNDA:0,(anonymous_18)
FNDA:0,(anonymous_19)
FNDA:0,(anonymous_20)
FNDA:0,(anonymous_21)
FNDA:0,(anonymous_22)
FNDA:0,(anonymous_23)
FNDA:0,(anonymous_24)
FNDA:0,(anonymous_25)
FNDA:0,(anonymous_26)
FNDA:0,(anonymous_27)
FNDA:0,(anonymous_28)
FNDA:0,(anonymous_29)
FNDA:0,(anonymous_30)
FNDA:0,(anonymous_31)
FNDA:0,(anonymous_32)
FNDA:0,(anonymous_33)
FNDA:0,(anonymous_34)
FNDA:0,(anonymous_35)
FNDA:0,(anonymous_36)
FNDA:0,(anonymous_37)
FNDA:0,(anonymous_38)
FNDA:0,(anonymous_39)
FNDA:0,(anonymous_40)
FNDA:0,(anonymous_41)
FNDA:0,(anonymous_42)
FNDA:0,(anonymous_43)
FNDA:0,(anonymous_44)
FNDA:0,(anonymous_45)
FNDA:0,(anonymous_46)
FNDA:0,(anonymous_47)
FNDA:0,(anonymous_48)
FNDA:0,(anonymous_49)
FNDA:12,(anonymous_50)
FNDA:0,(anonymous_51)
FNDA:0,(anonymous_52)
FNDA:0,(anonymous_53)
FNDA:0,(anonymous_54)
FNDA:0,(anonymous_55)
FNDA:0,(anonymous_56)
FNDA:0,(anonymous_57)
FNDA:0,(anonymous_58)
DA:18,1
DA:19,12
DA:20,12
DA:21,12
DA:22,12
DA:24,12
DA:25,12
DA:26,12
DA:27,12
DA:28,12
DA:30,12
DA:31,12
DA:32,12
DA:33,12
DA:34,12
DA:35,12
DA:38,12
DA:39,12
DA:43,13
DA:44,12
DA:47,13
DA:48,13
DA:53,13
DA:54,1
DA:57,13
DA:61,2
DA:62,2
DA:63,2
DA:68,2
DA:72,2
DA:76,19
DA:77,2
DA:79,2
DA:80,2
DA:84,17
DA:85,15
DA:87,15
DA:88,15
DA:93,2
DA:95,2
DA:96,2
DA:98,2
DA:99,2
DA:100,2
DA:101,2
DA:104,0
DA:106,0
DA:107,0
DA:113,0
DA:114,0
DA:121,0
DA:122,0
DA:126,0
DA:127,0
DA:128,0
DA:129,0
DA:130,0
DA:131,0
DA:135,0
DA:136,0
DA:137,0
DA:138,0
DA:139,0
DA:140,0
DA:144,0
DA:145,0
DA:146,0
DA:147,0
DA:148,0
DA:149,0
DA:153,0
DA:154,0
DA:155,0
DA:160,0
DA:161,0
DA:162,0
DA:167,0
DA:169,0
DA:171,0
DA:176,0
DA:178,0
DA:180,0
DA:185,0
DA:187,0
DA:189,0
DA:194,0
DA:196,0
DA:198,0
DA:203,12
DA:205,0
DA:206,0
DA:210,12
DA:211,0
DA:214,12
DA:215,0
LF:95
LH:48
BRDA:53,0,0,1
BRDA:76,1,0,2
BRDA:76,1,1,17
BRDA:84,2,0,15
BRDA:84,2,1,2
BRDA:84,3,0,17
BRDA:84,3,1,16
BRDA:98,4,0,2
BRDA:98,5,0,2
BRDA:98,5,1,2
BRDA:136,6,0,0
BRDA:136,6,1,0
BRDA:145,7,0,0
BRDA:145,7,1,0
BRDA:153,8,0,0
BRDA:160,9,0,0
BRDA:205,10,0,0
BRDA:205,11,0,0
BRDA:205,11,1,0
BRDA:211,12,0,0
BRDA:211,12,1,0
BRF:21
BRH:10
end_of_record
TN:
SF:src/app/services/my-news.service.ts
FN:16,(anonymous_0)
FN:25,(anonymous_1)
FN:29,(anonymous_2)
FN:33,(anonymous_3)
FN:37,(anonymous_4)
FN:43,(anonymous_5)
FN:45,(anonymous_6)
FN:51,(anonymous_7)
FN:55,(anonymous_8)
FN:56,(anonymous_9)
FN:56,(anonymous_10)
FNF:11
FNH:10
FNDA:7,(anonymous_0)
FNDA:2,(anonymous_1)
FNDA:4,(anonymous_2)
FNDA:4,(anonymous_3)
FNDA:0,(anonymous_4)
FNDA:1,(anonymous_5)
FNDA:1,(anonymous_6)
FNDA:3,(anonymous_7)
FNDA:2,(anonymous_8)
FNDA:2,(anonymous_9)
FNDA:1,(anonymous_10)
DA:16,1
DA:17,7
DA:18,7
DA:19,7
DA:20,7
DA:22,7
DA:23,7
DA:26,2
DA:30,4
DA:31,4
DA:32,4
DA:34,4
DA:35,4
DA:38,0
DA:44,1
DA:46,1
DA:52,3
DA:54,2
DA:56,2
LF:19
LH:18
BRDA:52,0,0,1
BRF:1
BRH:1
end_of_record
TN:
SF:src/app/services/news-detail.service.ts
FN:17,(anonymous_0)
FN:27,(anonymous_1)
FN:29,(anonymous_2)
FN:32,(anonymous_3)
FN:45,(anonymous_4)
FN:48,(anonymous_5)
FN:53,(anonymous_6)
FN:58,(anonymous_7)
FN:59,(anonymous_8)
FN:62,(anonymous_9)
FN:63,(anonymous_10)
FNF:11
FNH:11
FNDA:10,(anonymous_0)
FNDA:2,(anonymous_1)
FNDA:2,(anonymous_2)
FNDA:4,(anonymous_3)
FNDA:1,(anonymous_4)
FNDA:1,(anonymous_5)
FNDA:1,(anonymous_6)
FNDA:1,(anonymous_7)
FNDA:1,(anonymous_8)
FNDA:1,(anonymous_9)
FNDA:1,(anonymous_10)
DA:17,1
DA:18,10
DA:19,10
DA:20,10
DA:21,10
DA:22,10
DA:23,10
DA:25,10
DA:28,2
DA:29,2
DA:33,4
DA:34,4
DA:36,4
DA:39,3
DA:42,2
DA:46,1
DA:48,1
DA:49,1
DA:54,1
DA:55,1
DA:59,1
DA:63,1
LF:22
LH:22
BRDA:36,0,0,1
BRDA:36,1,0,4
BRDA:36,1,1,3
BRDA:39,2,0,1
BRDA:46,3,0,0
BRDA:46,4,0,1
BRDA:46,4,1,1
BRDA:54,5,0,0
BRF:8
BRH:6
end_of_record
TN:
SF:src/app/services/subscriptions.service.ts
FN:13,(anonymous_0)
FN:17,(anonymous_1)
FN:21,(anonymous_2)
FN:23,(anonymous_3)
FN:24,(anonymous_4)
FN:28,(anonymous_5)
FN:30,(anonymous_6)
FN:31,(anonymous_7)
FN:35,(anonymous_8)
FN:37,(anonymous_9)
FN:38,(anonymous_10)
FNF:11
FNH:8
FNDA:7,(anonymous_0)
FNDA:2,(anonymous_1)
FNDA:4,(anonymous_2)
FNDA:4,(anonymous_3)
FNDA:0,(anonymous_4)
FNDA:1,(anonymous_5)
FNDA:1,(anonymous_6)
FNDA:0,(anonymous_7)
FNDA:3,(anonymous_8)
FNDA:3,(anonymous_9)
FNDA:0,(anonymous_10)
DA:13,1
DA:14,7
DA:15,7
DA:18,2
DA:22,4
DA:23,4
DA:29,1
DA:30,1
DA:36,3
DA:37,3
LF:10
LH:10
BRF:0
BRH:0
end_of_record
